<?xml version="1.0" encoding="UTF-8"?>
<testng-results ignored="0" total="1" passed="1" failed="0" skipped="0">
  <reporter-output>
    <line>
      <![CDATA[createCustomer]]>
    </line>
  </reporter-output>
  <suite started-at="2023-04-13T16:22:29Z" name="Default suite" finished-at="2023-04-13T16:22:29Z" duration-ms="129">
    <groups>
    </groups>
    <test started-at="2023-04-13T16:22:29Z" name="Default test" finished-at="2023-04-13T16:22:29Z" duration-ms="129">
      <class name="com.actitime.testscript.CustomerModule">
        <test-method signature="createCustomer()[pri:0, instance:com.actitime.testscript.CustomerModule@4416d64f]" started-at="2023-04-13T16:22:29Z" name="createCustomer" finished-at="2023-04-13T16:22:29Z" duration-ms="30" status="PASS">
          <reporter-output>
            <line>
              <![CDATA[createCustomer]]>
            </line>
          </reporter-output>
        </test-method> <!-- createCustomer -->
      </class> <!-- com.actitime.testscript.CustomerModule -->
    </test> <!-- Default test -->
  </suite> <!-- Default suite -->
</testng-results>
